OpenROAD 0264023b6c2a8ae803b8d440478d657387277d93 
This program is licensed under the BSD-3 license. See the LICENSE file for details.
Components of this program may be licensed under more restrictive licenses which must be honored.
Placing the following macros:
{'genblk1\\[0\\].sram_weights_banks': ['540000', '10230000', 'N'], 'genblk1\\[1\\].sram_weights_banks': ['2330000', '10230000', 'N'], 'genblk1\\[2\\].sram_weights_banks': ['4120000', '10230000', 'N'], 'genblk1\\[3\\].sram_weights_banks': ['5910000', '10230000', 'N'], 'genblk1\\[4\\].sram_weights_banks': ['7700000', '10230000', 'N'], 'genblk1\\[5\\].sram_weights_banks': ['9490000', '10230000', 'N'], 'genblk1\\[6\\].sram_weights_banks': ['540000', '9080000', 'N'], 'genblk1\\[7\\].sram_weights_banks': ['9490000', '9080000', 'N'], 'genblk2\\[0\\].sram_activations_banks': ['540000', '300000', 'N'], 'genblk2\\[1\\].sram_activations_banks': ['2330000', '300000', 'N'], 'genblk2\\[2\\].sram_activations_banks': ['4120000', '300000', 'N'], 'genblk2\\[3\\].sram_activations_banks': ['5910000', '300000', 'N'], 'genblk2\\[4\\].sram_activations_banks': ['7700000', '300000', 'N'], 'genblk2\\[5\\].sram_activations_banks': ['9490000', '300000', 'N'], 'genblk2\\[6\\].sram_activations_banks': ['540000', '1490000', 'N'], 'genblk2\\[7\\].sram_activations_banks': ['2330000', '1490000', 'N'], 'genblk2\\[8\\].sram_activations_banks': ['4120000', '1490000', 'N'], 'genblk2\\[9\\].sram_activations_banks': ['5910000', '1490000', 'N'], 'genblk2\\[10\\].sram_activations_banks': ['7700000', '1490000', 'N'], 'genblk2\\[11\\].sram_activations_banks': ['9490000', '1490000', 'N'], 'genblk2\\[12\\].sram_activations_banks': ['540000', '2680000', 'N'], 'genblk2\\[13\\].sram_activations_banks': ['2330000', '2680000', 'N'], 'genblk2\\[14\\].sram_activations_banks': ['4120000', '2680000', 'N'], 'genblk2\\[15\\].sram_activations_banks': ['5910000', '2680000', 'N'], 'genblk2\\[16\\].sram_activations_banks': ['7700000', '2680000', 'N'], 'genblk2\\[17\\].sram_activations_banks': ['9490000', '2680000', 'N'], 'genblk2\\[18\\].sram_activations_banks': ['540000', '3870000', 'N'], 'genblk2\\[19\\].sram_activations_banks': ['2330000', '3870000', 'N'], 'genblk2\\[20\\].sram_activations_banks': ['4120000', '3870000', 'N'], 'genblk2\\[21\\].sram_activations_banks': ['5910000', '3870000', 'N'], 'genblk2\\[22\\].sram_activations_banks': ['7700000', '3870000', 'N'], 'genblk2\\[23\\].sram_activations_banks': ['9490000', '3870000', 'N'], 'genblk2\\[24\\].sram_activations_banks': ['540000', '5060000', 'N'], 'genblk2\\[25\\].sram_activations_banks': ['2330000', '5060000', 'N'], 'genblk2\\[26\\].sram_activations_banks': ['4120000', '5060000', 'N'], 'genblk2\\[27\\].sram_activations_banks': ['5910000', '5060000', 'N'], 'genblk2\\[28\\].sram_activations_banks': ['7700000', '5060000', 'N'], 'genblk2\\[29\\].sram_activations_banks': ['9490000', '5060000', 'N'], 'genblk2\\[30\\].sram_activations_banks': ['540000', '6250000', 'N'], 'genblk2\\[31\\].sram_activations_banks': ['9490000', '6250000', 'N'], 'fifo_0.fifo_mem_0': ['5650000', '7000000', 'N']}
Design name: top_chip
Placing fifo_0.fifo_mem_0
Placing genblk1\[0\].sram_weights_banks
Placing genblk1\[1\].sram_weights_banks
Placing genblk1\[2\].sram_weights_banks
Placing genblk1\[3\].sram_weights_banks
Placing genblk1\[4\].sram_weights_banks
Placing genblk1\[5\].sram_weights_banks
Placing genblk1\[6\].sram_weights_banks
Placing genblk1\[7\].sram_weights_banks
Placing genblk2\[0\].sram_activations_banks
Placing genblk2\[10\].sram_activations_banks
Placing genblk2\[11\].sram_activations_banks
Placing genblk2\[12\].sram_activations_banks
Placing genblk2\[13\].sram_activations_banks
Placing genblk2\[14\].sram_activations_banks
Placing genblk2\[15\].sram_activations_banks
Placing genblk2\[16\].sram_activations_banks
Placing genblk2\[17\].sram_activations_banks
Placing genblk2\[18\].sram_activations_banks
Placing genblk2\[19\].sram_activations_banks
Placing genblk2\[1\].sram_activations_banks
Placing genblk2\[20\].sram_activations_banks
Placing genblk2\[21\].sram_activations_banks
Placing genblk2\[22\].sram_activations_banks
Placing genblk2\[23\].sram_activations_banks
Placing genblk2\[24\].sram_activations_banks
Placing genblk2\[25\].sram_activations_banks
Placing genblk2\[26\].sram_activations_banks
Placing genblk2\[27\].sram_activations_banks
Placing genblk2\[28\].sram_activations_banks
Placing genblk2\[29\].sram_activations_banks
Placing genblk2\[2\].sram_activations_banks
Placing genblk2\[30\].sram_activations_banks
Placing genblk2\[31\].sram_activations_banks
Placing genblk2\[3\].sram_activations_banks
Placing genblk2\[4\].sram_activations_banks
Placing genblk2\[5\].sram_activations_banks
Placing genblk2\[6\].sram_activations_banks
Placing genblk2\[7\].sram_activations_banks
Placing genblk2\[8\].sram_activations_banks
Placing genblk2\[9\].sram_activations_banks
Successfully placed 41 instances.
