[INFO]: Run Directory: /esat/micas_raid/users/r0755727/230524-215849_accelerator_with_compression
[INFO]: Preparing LEF files for the nom corner...
[INFO]: Preparing LEF files for the min corner...
[INFO]: Preparing LEF files for the max corner...
[INFO]: Running Synthesis (log: ../../../../../../../esat/micas_raid/users/r0755727/230524-215849_accelerator_with_compression/logs/synthesis/1-synthesis.log)...
[INFO]: Running Single-Corner Static Timing Analysis (log: ../../../../../../../esat/micas_raid/users/r0755727/230524-215849_accelerator_with_compression/logs/synthesis/2-sta.log)...
[INFO]: Running Initial Floorplanning (log: ../../../../../../../esat/micas_raid/users/r0755727/230524-215849_accelerator_with_compression/logs/floorplan/3-initial_fp.log)...
[INFO]: Floorplanned with width 11288.86 and height 13276.32.
[INFO]: Running IO Placement...
[INFO]: Performing Manual Macro Placement (log: ../../../../../../../esat/micas_raid/users/r0755727/230524-215849_accelerator_with_compression/logs/placement/5-macro_placement.log)...
[INFO]: Running Tap/Decap Insertion (log: ../../../../../../../esat/micas_raid/users/r0755727/230524-215849_accelerator_with_compression/logs/floorplan/6-tap.log)...
[INFO]: Power planning with power {vccd1} and ground {vssd1}...
[INFO]: Generating PDN (log: ../../../../../../../esat/micas_raid/users/r0755727/230524-215849_accelerator_with_compression/logs/floorplan/7-pdn.log)...
[INFO]: Running Global Placement (log: ../../../../../../../esat/micas_raid/users/r0755727/230524-215849_accelerator_with_compression/logs/placement/8-global.log)...
[INFO]: Running Placement Resizer Design Optimizations (log: ../../../../../../../esat/micas_raid/users/r0755727/230524-215849_accelerator_with_compression/logs/placement/9-resizer.log)...
[INFO]: Running Detailed Placement (log: ../../../../../../../esat/micas_raid/users/r0755727/230524-215849_accelerator_with_compression/logs/placement/10-detailed.log)...
[INFO]: Running Clock Tree Synthesis (log: ../../../../../../../esat/micas_raid/users/r0755727/230524-215849_accelerator_with_compression/logs/cts/11-cts.log)...
[INFO]: Running Placement Resizer Timing Optimizations (log: ../../../../../../../esat/micas_raid/users/r0755727/230524-215849_accelerator_with_compression/logs/cts/12-resizer.log)...
[INFO]: Running Global Routing Resizer Timing Optimizations (log: ../../../../../../../esat/micas_raid/users/r0755727/230524-215849_accelerator_with_compression/logs/routing/13-resizer.log)...
[ERROR]: during executing openroad script /users/students/r0755727/Documents/CA_Exercise/CA_Exercises/Backend/conda-env/share/openlane/scripts/openroad/resizer_routing_timing.tcl
[ERROR]: Log: ../../../../../../../esat/micas_raid/users/r0755727/230524-215849_accelerator_with_compression/logs/routing/13-resizer.log
[ERROR]: Last 10 lines:
[INFO GRT-0101] Running extra iterations to remove overflow.
[INFO GRT-0103] Extra Run for hard benchmark.
[INFO GRT-0197] Via related to pin nodes: 1576421
[INFO GRT-0198] Via related Steiner nodes: 86772
[INFO GRT-0199] Via filling finished.
[INFO GRT-0111] Final number of vias: 4003664
[INFO GRT-0112] Final usage 3D: 30936806
[ERROR GRT-0118] Routing congestion too high. Check the congestion heatmap in the GUI.
Error: resizer_routing_timing.tcl, 39 GRT-0118
child process exited abnormally

[ERROR]: Creating issue reproducible...
[INFO]: Saving runtime environment...
[INFO]: Reproducible packaged: Please tarball and upload '../../../../../../../esat/micas_raid/users/r0755727/230524-215849_accelerator_with_compression/issue_reproducible' if you're going to submit an issue.
[INFO]: Saving current set of views in '../../../../../../../esat/micas_raid/users/r0755727/230524-215849_accelerator_with_compression/results/final'...
[INFO]: Generating final set of reports...
[INFO]: Created manufacturability report at '../../../../../../../esat/micas_raid/users/r0755727/230524-215849_accelerator_with_compression/reports/manufacturability.rpt'.
[INFO]: Created metrics report at '../../../../../../../esat/micas_raid/users/r0755727/230524-215849_accelerator_with_compression/reports/metrics.csv'.
[INFO]: Saving runtime environment...
[ERROR]: Flow failed.
