OpenROAD 0264023b6c2a8ae803b8d440478d657387277d93 
This program is licensed under the BSD-3 license. See the LICENSE file for details.
Components of this program may be licensed under more restrictive licenses which must be honored.
[INFO]: Reading ODB at '/esat/micas_raid/users/r0755727/230524-215849_accelerator_with_compression/tmp/cts/12-top_chip.resized.odb'...
[INFO]: Setting signal min routing layer to: met1 and clock min routing layer to met1. 
[INFO]: Setting signal max routing layer to: met5 and clock max routing layer to met5. 
-congestion_iterations 50 -verbose
[INFO GRT-0020] Min routing layer: met1
[INFO GRT-0021] Max routing layer: met5
[INFO GRT-0022] Global adjustment: 30%
[INFO GRT-0023] Grid origin: (0, 0)
[INFO GRT-0043] No OR_DEFAULT vias defined.
[INFO GRT-0088] Layer li1     Track-Pitch = 0.4600  line-2-Via Pitch: 0.3400
[INFO GRT-0088] Layer met1    Track-Pitch = 0.3400  line-2-Via Pitch: 0.3400
[INFO GRT-0088] Layer met2    Track-Pitch = 0.4600  line-2-Via Pitch: 0.3500
[INFO GRT-0088] Layer met3    Track-Pitch = 0.6800  line-2-Via Pitch: 0.6150
[INFO GRT-0088] Layer met4    Track-Pitch = 0.9200  line-2-Via Pitch: 1.0400
[INFO GRT-0088] Layer met5    Track-Pitch = 3.4000  line-2-Via Pitch: 3.1100
[INFO GRT-0019] Found 9742 clock nets.
[INFO GRT-0001] Minimum degree: 2
[INFO GRT-0002] Maximum degree: 37
[INFO GRT-0003] Macros: 45
[INFO GRT-0004] Blockages: 338125

[INFO GRT-0053] Routing resources analysis:
          Routing      Original      Derated      Resource
Layer     Direction    Resources     Resources    Reduction (%)
---------------------------------------------------------------
li1        Vertical            0             0          0.00%
met1       Horizontal   63089980      23851008          62.20%
met2       Vertical     47317485      24049520          49.17%
met3       Horizontal   31544990      16784602          46.79%
met4       Vertical     18926994       9224940          51.26%
met5       Horizontal    6308998       3041324          51.79%
---------------------------------------------------------------

[INFO GRT-0101] Running extra iterations to remove overflow.
[INFO GRT-0103] Extra Run for hard benchmark.
[INFO GRT-0197] Via related to pin nodes: 1576421
[INFO GRT-0198] Via related Steiner nodes: 86772
[INFO GRT-0199] Via filling finished.
[INFO GRT-0111] Final number of vias: 4003664
[INFO GRT-0112] Final usage 3D: 30936806
[ERROR GRT-0118] Routing congestion too high. Check the congestion heatmap in the GUI.
Error: resizer_routing_timing.tcl, 39 GRT-0118
