|==============================================================================|
|=========                      OpenRAM v1.2.11                       =========|
|=========                                                            =========|
|=========               VLSI Design and Automation Lab               =========|
|=========        Computer Science and Engineering Department         =========|
|=========            University of California Santa Cruz             =========|
|=========                                                            =========|
|=========          Usage help: openram-user-group@ucsc.edu           =========|
|=========        Development help: openram-dev-group@ucsc.edu        =========|
|=========                See LICENSE for license info                =========|
|==============================================================================|
** Start: 05/04/2023 20:55:35
Technology: sky130
Total size: 65536 bits
Word size: 128
Words: 512
Banks: 1
RW ports: 0
R-only ports: 1
W-only ports: 1
DRC/LVS/PEX is only run on the top-level design to save run-time (inline_lvsdrc=True to do inline checking).
DRC/LVS/PEX is disabled (check_lvsdrc=True to enable).
Characterization is disabled (using analytical delay models) (analytical_delay=False to simulate).
Only generating nominal corner timing.
Words per row: None
Output files are: 
/users/students/r0755727/Documents/OpenRAM/./OpenRAM/8kB_mem/sky130_sram_1r1w_128x512_128.lvs
/users/students/r0755727/Documents/OpenRAM/./OpenRAM/8kB_mem/sky130_sram_1r1w_128x512_128.sp
/users/students/r0755727/Documents/OpenRAM/./OpenRAM/8kB_mem/sky130_sram_1r1w_128x512_128.v
/users/students/r0755727/Documents/OpenRAM/./OpenRAM/8kB_mem/sky130_sram_1r1w_128x512_128.lib
/users/students/r0755727/Documents/OpenRAM/./OpenRAM/8kB_mem/sky130_sram_1r1w_128x512_128.py
/users/students/r0755727/Documents/OpenRAM/./OpenRAM/8kB_mem/sky130_sram_1r1w_128x512_128.html
/users/students/r0755727/Documents/OpenRAM/./OpenRAM/8kB_mem/sky130_sram_1r1w_128x512_128.log
/users/students/r0755727/Documents/OpenRAM/./OpenRAM/8kB_mem/sky130_sram_1r1w_128x512_128.lef
/users/students/r0755727/Documents/OpenRAM/./OpenRAM/8kB_mem/sky130_sram_1r1w_128x512_128.gds
** Submodules: 73.6 seconds
** Placement: 0.3 seconds
**** Retrieving pins: 0.0 seconds
**** Analyzing pins: 0.0 seconds
**** Finding blockages: 33.4 seconds
**** Converting blockages: 1.3 seconds
**** Converting pins: 1.8 seconds
**** Separating adjacent pins: 0.3 seconds
*** Finding pins and blockages: 483.7 seconds
*** Maze routing pins: 901.4 seconds
**** Retrieving pins: 0.0 seconds
**** Analyzing pins: 0.9 seconds
**** Finding blockages: 54.0 seconds
**** Converting blockages: 1.0 seconds
**** Converting pins: 19.6 seconds
**** Separating adjacent pins: 281.5 seconds
*** Finding pins and blockages: 811.3 seconds
*** Maze routing supplies: 4424.2 seconds
** Routing: 9182.2 seconds
** Verification: 0.0 seconds
** SRAM creation: 9256.4 seconds
SP: Writing to /users/students/r0755727/Documents/OpenRAM/./OpenRAM/8kB_mem/sky130_sram_1r1w_128x512_128.sp
** Spice writing: 4.1 seconds
GDS: Writing to /users/students/r0755727/Documents/OpenRAM/./OpenRAM/8kB_mem/sky130_sram_1r1w_128x512_128.gds
** GDS: 6.6 seconds
LEF: Writing to /users/students/r0755727/Documents/OpenRAM/./OpenRAM/8kB_mem/sky130_sram_1r1w_128x512_128.lef
** LEF: 0.2 seconds
LVS: Writing to /users/students/r0755727/Documents/OpenRAM/./OpenRAM/8kB_mem/sky130_sram_1r1w_128x512_128.lvs.sp
** LVS writing: 1.2 seconds
LIB: Characterizing... 
WARNING: file elmore.py: line 45: In analytical mode, all ports have the timing of the first read port.

** Characterization: 4.0 seconds
Config: Writing to /users/students/r0755727/Documents/OpenRAM/./OpenRAM/8kB_mem/sky130_sram_1r1w_128x512_128.py
** Config: 0.0 seconds
Datasheet: Writing to /users/students/r0755727/Documents/OpenRAM/./OpenRAM/8kB_mem/sky130_sram_1r1w_128x512_128.html
** Datasheet: 0.1 seconds
Verilog: Writing to /users/students/r0755727/Documents/OpenRAM/./OpenRAM/8kB_mem/sky130_sram_1r1w_128x512_128.v
** Verilog: 0.0 seconds
** End: 9272.8 seconds
